<?xml version="1.0" encoding="UTF-8"?>
<testsuite name="com.example.todo.service.task.TaskServiceTest" tests="2" skipped="0" failures="0" errors="0" timestamp="2025-01-08T13:11:15" hostname="MacBook-Pro.local" time="0.815">
  <properties/>
  <testcase name="testFindById()" classname="com.example.todo.service.task.TaskServiceTest" time="0.761"/>
  <testcase name="testCreateTask()" classname="com.example.todo.service.task.TaskServiceTest" time="0.052"/>
  <system-out><![CDATA[22:11:12.606 [Test worker] INFO org.springframework.test.context.support.AnnotationConfigContextLoaderUtils -- Could not detect default configuration classes for test class [com.example.todo.service.task.TaskServiceTest]: TaskServiceTest does not declare any static, non-private, non-final, nested classes annotated with @Configuration.
22:11:12.715 [Test worker] INFO org.springframework.boot.test.context.SpringBootTestContextBootstrapper -- Found @SpringBootConfiguration com.example.todo.Main for test class com.example.todo.service.task.TaskServiceTest

  .   ____          _            __ _ _
 /\\ / ___'_ __ _ _(_)_ __  __ _ \ \ \ \
( ( )\___ | '_ | '_| | '_ \/ _` | \ \ \ \
 \\/  ___)| |_)| | | | | || (_| |  ) ) ) )
  '  |____| .__|_| |_|_| |_\__, | / / / /
 =========|_|==============|___/=/_/_/_/
 :: Spring Boot ::                (v3.1.2)

2025-01-08T22:11:13.055+09:00  INFO 14110 --- [    Test worker] c.e.todo.service.task.TaskServiceTest    : Starting TaskServiceTest using Java 17.0.13 with PID 14110 (started by yoshidakenta in /Users/yoshidakenta/IdeaProjects/spring_practice)
2025-01-08T22:11:13.057+09:00  INFO 14110 --- [    Test worker] c.e.todo.service.task.TaskServiceTest    : No active profile set, falling back to 1 default profile: "default"
2025-01-08T22:11:14.036+09:00  INFO 14110 --- [    Test worker] com.zaxxer.hikari.HikariDataSource       : HikariPool-1 - Starting...
2025-01-08T22:11:14.211+09:00  INFO 14110 --- [    Test worker] com.zaxxer.hikari.pool.HikariPool        : HikariPool-1 - Added connection conn0: url=jdbc:h2:mem:test user=SA
2025-01-08T22:11:14.213+09:00  INFO 14110 --- [    Test worker] com.zaxxer.hikari.HikariDataSource       : HikariPool-1 - Start completed.
2025-01-08T22:11:14.619+09:00  INFO 14110 --- [    Test worker] o.s.b.a.w.s.WelcomePageHandlerMapping    : Adding welcome page template: index
2025-01-08T22:11:15.244+09:00  INFO 14110 --- [    Test worker] c.e.todo.service.task.TaskServiceTest    : Started TaskServiceTest in 2.391 seconds (process running for 3.464)
]]></system-out>
  <system-err><![CDATA[]]></system-err>
</testsuite>
